Using pre-set license
Built from '2020.3/staging' branch; Version is '2020.3.4f1 (0abb6314276a) revision 703331'; Using compiler version '192528614'; Build Type 'Release'
OS: 'Windows 10 Education; OS build 18363.1500; Version 1909; 64bit' Language: 'en' Physical Memory: 130940 MB
BatchMode: 1, IsHumanControllingUs: 0, StartBugReporterOnCrash: 0, Is64bit: 1, IsPro: 0

 COMMAND LINE ARGUMENTS:
C:\Program Files\Unity\Hub\Editor\2020.3.4f1\Editor\Unity.exe
-adb2
-batchMode
-noUpm
-name
AssetImportWorker0
-projectPath
C:/Users/VR CreatIVE/Documents/PhotonTest
-logFile
Logs/AssetImportWorker0.log
-srvPort
2346
Successfully changed project path to: C:/Users/VR CreatIVE/Documents/PhotonTest
C:/Users/VR CreatIVE/Documents/PhotonTest
Using Asset Import Pipeline V2.
Refreshing native plugins compatible for Editor in 30.06 ms, found 0 plugins.
Preloading 0 native plugins for Editor in 0.00 ms.
Initialize engine version: 2020.3.4f1 (0abb6314276a)
[Subsystems] Discovering subsystems at path C:/Program Files/Unity/Hub/Editor/2020.3.4f1/Editor/Data/Resources/UnitySubsystems
[Subsystems] Discovering subsystems at path C:/Users/VR CreatIVE/Documents/PhotonTest/Assets
GfxDevice: creating device client; threaded=0
Direct3D:
    Version:  Direct3D 11.0 [level 11.1]
    Renderer: NVIDIA TITAN X (Pascal) (ID=0x1b00)
    Vendor:   
    VRAM:     12147 MB
    Driver:   27.21.14.6589
Initialize mono
Mono path[0] = 'C:/Program Files/Unity/Hub/Editor/2020.3.4f1/Editor/Data/Managed'
Mono path[1] = 'C:/Program Files/Unity/Hub/Editor/2020.3.4f1/Editor/Data/MonoBleedingEdge/lib/mono/unityjit'
Mono config path = 'C:/Program Files/Unity/Hub/Editor/2020.3.4f1/Editor/Data/MonoBleedingEdge/etc'
Using monoOptions --debugger-agent=transport=dt_socket,embedding=1,server=y,suspend=n,address=127.0.0.1:56072
Begin MonoManager ReloadAssembly
Registering precompiled unity dll's ...
Register platform support module: C:/Program Files/Unity/Hub/Editor/2020.3.4f1/Editor/Data/PlaybackEngines/WindowsStandaloneSupport/UnityEditor.WindowsStandalone.Extensions.dll
Registered in 0.001788 seconds.
Native extension for WindowsStandalone target not found
Refreshing native plugins compatible for Editor in 36.86 ms, found 0 plugins.
Preloading 0 native plugins for Editor in 0.00 ms.
Mono: successfully reloaded assembly
- Completed reload, in  1.601 seconds
Platform modules already initialized, skipping
Registering precompiled user dll's ...
Registered in 0.002773 seconds.
Begin MonoManager ReloadAssembly
Native extension for WindowsStandalone target not found
Refreshing native plugins compatible for Editor in 0.39 ms, found 0 plugins.
Preloading 0 native plugins for Editor in 0.00 ms.
Mono: successfully reloaded assembly
- Completed reload, in  0.980 seconds
Platform modules already initialized, skipping
========================================================================
Worker process is ready to serve import requests
Launched and connected shader compiler UnityShaderCompiler.exe after 0.05 seconds
Refreshing native plugins compatible for Editor in 0.34 ms, found 0 plugins.
Preloading 0 native plugins for Editor in 0.00 ms.
Unloading 1342 Unused Serialized files (Serialized files now loaded: 0)
System memory in use before: 64.2 MB.
System memory in use after: 64.3 MB.

Unloading 16 unused Assets to reduce memory usage. Loaded Objects now: 1780.
Total: 2.076700 ms (FindLiveObjects: 0.192000 ms CreateObjectMapping: 0.060100 ms MarkObjects: 1.730000 ms  DeleteObjects: 0.093200 ms)

========================================================================
Received Import Request.
  path: Assets/Scripts/SimpleMovement.cs
  artifactKey: Guid(f191854e201fae9498e9a6b089c83262) Importer(815301076,1909f56bfc062723c751e8b465ee728b)
Start importing Assets/Scripts/SimpleMovement.cs using Guid(f191854e201fae9498e9a6b089c83262) Importer(815301076,1909f56bfc062723c751e8b465ee728b)  -> (artifact id: '95d6b8fb5ffb9b1cfb01f4c23d0c619f') in 0.045836 seconds
  Import took 0.049300 seconds .

========================================================================
Received Prepare
Registering precompiled user dll's ...
Registered in 0.002624 seconds.
Begin MonoManager ReloadAssembly
Native extension for WindowsStandalone target not found
Refreshing native plugins compatible for Editor in 0.36 ms, found 0 plugins.
Preloading 0 native plugins for Editor in 0.00 ms.
Mono: successfully reloaded assembly
- Completed reload, in  0.837 seconds
Platform modules already initialized, skipping
Refreshing native plugins compatible for Editor in 0.35 ms, found 0 plugins.
Preloading 0 native plugins for Editor in 0.00 ms.
Unloading 1336 Unused Serialized files (Serialized files now loaded: 0)
System memory in use before: 64.1 MB.
System memory in use after: 64.2 MB.

Unloading 10 unused Assets to reduce memory usage. Loaded Objects now: 1784.
Total: 1.813100 ms (FindLiveObjects: 0.173300 ms CreateObjectMapping: 0.055800 ms MarkObjects: 1.520200 ms  DeleteObjects: 0.062100 ms)

========================================================================
Received Import Request.
  Time since last request: 23.917829 seconds.
  path: Assets/Scripts/SimpleMovement.cs
  artifactKey: Guid(f191854e201fae9498e9a6b089c83262) Importer(815301076,1909f56bfc062723c751e8b465ee728b)
Start importing Assets/Scripts/SimpleMovement.cs using Guid(f191854e201fae9498e9a6b089c83262) Importer(815301076,1909f56bfc062723c751e8b465ee728b)  -> (artifact id: '568771a95ed957c99cea2d820756b654') in 0.004950 seconds
  Import took 0.007404 seconds .

========================================================================
Received Import Request.
  Time since last request: 1.471415 seconds.
  path: Assets/Scripts/SimpleMovement.cs
  artifactKey: Guid(f191854e201fae9498e9a6b089c83262) Importer(815301076,1909f56bfc062723c751e8b465ee728b)
Start importing Assets/Scripts/SimpleMovement.cs using Guid(f191854e201fae9498e9a6b089c83262) Importer(815301076,1909f56bfc062723c751e8b465ee728b)  -> (artifact id: '568771a95ed957c99cea2d820756b654') in 0.002921 seconds
  Import took 0.005236 seconds .

========================================================================
Received Prepare
Registering precompiled user dll's ...
Registered in 0.002744 seconds.
Begin MonoManager ReloadAssembly
Native extension for WindowsStandalone target not found
Refreshing native plugins compatible for Editor in 0.36 ms, found 0 plugins.
Preloading 0 native plugins for Editor in 0.00 ms.
Mono: successfully reloaded assembly
- Completed reload, in  0.953 seconds
Platform modules already initialized, skipping
Refreshing native plugins compatible for Editor in 0.43 ms, found 0 plugins.
Preloading 0 native plugins for Editor in 0.00 ms.
Unloading 1336 Unused Serialized files (Serialized files now loaded: 0)
System memory in use before: 64.1 MB.
System memory in use after: 64.2 MB.

Unloading 10 unused Assets to reduce memory usage. Loaded Objects now: 1788.
Total: 1.806500 ms (FindLiveObjects: 0.151200 ms CreateObjectMapping: 0.054100 ms MarkObjects: 1.550500 ms  DeleteObjects: 0.049400 ms)

========================================================================
Received Import Request.
  Time since last request: 63.166576 seconds.
  path: Assets/Animation/walk.anim
  artifactKey: Guid(3f24f55033c5f194282e6dd08c9d6324) Importer(815301076,1909f56bfc062723c751e8b465ee728b)
Start importing Assets/Animation/walk.anim using Guid(3f24f55033c5f194282e6dd08c9d6324) Importer(815301076,1909f56bfc062723c751e8b465ee728b)  -> (artifact id: '96dd88af5c196a22ebb0b5900977a618') in 0.023572 seconds
  Import took 0.026720 seconds .

========================================================================
Received Import Request.
  Time since last request: 0.000971 seconds.
  path: Assets/Animation/walk.anim
  artifactKey: Guid(3f24f55033c5f194282e6dd08c9d6324) Importer(815301076,1909f56bfc062723c751e8b465ee728b)
Start importing Assets/Animation/walk.anim using Guid(3f24f55033c5f194282e6dd08c9d6324) Importer(815301076,1909f56bfc062723c751e8b465ee728b)  -> (artifact id: '96dd88af5c196a22ebb0b5900977a618') in 0.003698 seconds
  Import took 0.005870 seconds .

========================================================================
Received Import Request.
  Time since last request: 9.645686 seconds.
  path: Assets/Animation/walk.anim
  artifactKey: Guid(3f24f55033c5f194282e6dd08c9d6324) Importer(815301076,1909f56bfc062723c751e8b465ee728b)
Start importing Assets/Animation/walk.anim using Guid(3f24f55033c5f194282e6dd08c9d6324) Importer(815301076,1909f56bfc062723c751e8b465ee728b)  -> (artifact id: 'ee4561c5c23af4ad3708951c548a8746') in 0.003680 seconds
  Import took 0.006207 seconds .

========================================================================
Received Prepare
Registering precompiled user dll's ...
Registered in 0.002512 seconds.
Begin MonoManager ReloadAssembly
Native extension for WindowsStandalone target not found
Refreshing native plugins compatible for Editor in 0.36 ms, found 0 plugins.
Preloading 0 native plugins for Editor in 0.00 ms.
Mono: successfully reloaded assembly
- Completed reload, in  0.828 seconds
Platform modules already initialized, skipping
Refreshing native plugins compatible for Editor in 0.37 ms, found 0 plugins.
Preloading 0 native plugins for Editor in 0.00 ms.
Unloading 1336 Unused Serialized files (Serialized files now loaded: 0)
System memory in use before: 64.1 MB.
System memory in use after: 64.2 MB.

Unloading 10 unused Assets to reduce memory usage. Loaded Objects now: 1792.
Total: 1.951300 ms (FindLiveObjects: 0.178700 ms CreateObjectMapping: 0.055800 ms MarkObjects: 1.658900 ms  DeleteObjects: 0.056600 ms)

========================================================================
Received Prepare
Registering precompiled user dll's ...
Registered in 0.002692 seconds.
Begin MonoManager ReloadAssembly
Native extension for WindowsStandalone target not found
Refreshing native plugins compatible for Editor in 0.39 ms, found 0 plugins.
Preloading 0 native plugins for Editor in 0.00 ms.
Mono: successfully reloaded assembly
- Completed reload, in  0.822 seconds
Platform modules already initialized, skipping
Refreshing native plugins compatible for Editor in 0.33 ms, found 0 plugins.
Preloading 0 native plugins for Editor in 0.00 ms.
Unloading 1336 Unused Serialized files (Serialized files now loaded: 0)
System memory in use before: 64.2 MB.
System memory in use after: 64.2 MB.

Unloading 10 unused Assets to reduce memory usage. Loaded Objects now: 1796.
Total: 1.922700 ms (FindLiveObjects: 0.171900 ms CreateObjectMapping: 0.054400 ms MarkObjects: 1.644400 ms  DeleteObjects: 0.050800 ms)

========================================================================
Received Prepare
Registering precompiled user dll's ...
Registered in 0.002539 seconds.
Begin MonoManager ReloadAssembly
Native extension for WindowsStandalone target not found
Refreshing native plugins compatible for Editor in 0.34 ms, found 0 plugins.
Preloading 0 native plugins for Editor in 0.00 ms.
Mono: successfully reloaded assembly
- Completed reload, in  0.820 seconds
Platform modules already initialized, skipping
Refreshing native plugins compatible for Editor in 0.36 ms, found 0 plugins.
Preloading 0 native plugins for Editor in 0.00 ms.
Unloading 1336 Unused Serialized files (Serialized files now loaded: 0)
System memory in use before: 64.2 MB.
System memory in use after: 64.2 MB.

Unloading 10 unused Assets to reduce memory usage. Loaded Objects now: 1800.
Total: 1.720400 ms (FindLiveObjects: 0.141400 ms CreateObjectMapping: 0.053200 ms MarkObjects: 1.472300 ms  DeleteObjects: 0.052200 ms)

========================================================================
Received Prepare
Registering precompiled user dll's ...
Registered in 0.002625 seconds.
Begin MonoManager ReloadAssembly
Native extension for WindowsStandalone target not found
Refreshing native plugins compatible for Editor in 0.34 ms, found 0 plugins.
Preloading 0 native plugins for Editor in 0.00 ms.
Mono: successfully reloaded assembly
- Completed reload, in  0.830 seconds
Platform modules already initialized, skipping
Refreshing native plugins compatible for Editor in 0.35 ms, found 0 plugins.
Preloading 0 native plugins for Editor in 0.00 ms.
Unloading 1336 Unused Serialized files (Serialized files now loaded: 0)
System memory in use before: 64.2 MB.
System memory in use after: 64.3 MB.

Unloading 10 unused Assets to reduce memory usage. Loaded Objects now: 1804.
Total: 1.954100 ms (FindLiveObjects: 0.166200 ms CreateObjectMapping: 0.052700 ms MarkObjects: 1.676100 ms  DeleteObjects: 0.057300 ms)

========================================================================
Received Prepare
Registering precompiled user dll's ...
Registered in 0.093566 seconds.
Begin MonoManager ReloadAssembly
Native extension for WindowsStandalone target not found
Refreshing native plugins compatible for Editor in 0.35 ms, found 0 plugins.
Preloading 0 native plugins for Editor in 0.00 ms.
Mono: successfully reloaded assembly
- Completed reload, in  0.813 seconds
Platform modules already initialized, skipping
Refreshing native plugins compatible for Editor in 0.35 ms, found 0 plugins.
Preloading 0 native plugins for Editor in 0.00 ms.
Unloading 1336 Unused Serialized files (Serialized files now loaded: 0)
System memory in use before: 64.2 MB.
System memory in use after: 64.3 MB.

Unloading 10 unused Assets to reduce memory usage. Loaded Objects now: 1808.
Total: 1.746100 ms (FindLiveObjects: 0.142000 ms CreateObjectMapping: 0.052400 ms MarkObjects: 1.488900 ms  DeleteObjects: 0.061800 ms)

========================================================================
Received Import Request.
  Time since last request: 562.938944 seconds.
  path: Assets/Photon/PhotonUnityNetworking/Demos/DemoSlotRacer/Kenney Assets/Racing Kit/Models/Materials/bark.mat
  artifactKey: Guid(5b3826dd21e1d2b4a947c774023d1db3) Importer(815301076,1909f56bfc062723c751e8b465ee728b)
Start importing Assets/Photon/PhotonUnityNetworking/Demos/DemoSlotRacer/Kenney Assets/Racing Kit/Models/Materials/bark.mat using Guid(5b3826dd21e1d2b4a947c774023d1db3) Importer(815301076,1909f56bfc062723c751e8b465ee728b)  -> (artifact id: 'f7868fab52e517ef615f814b6ee8d5fe') in 0.119399 seconds
  Import took 0.122468 seconds .

========================================================================
Received Import Request.
  Time since last request: 0.000231 seconds.
  path: Assets/Photon/PhotonUnityNetworking/Demos/Shared Assets/Skin/DropDown CheckMark.png
  artifactKey: Guid(fd47c8b4ebfbd4339858d4d23f587519) Importer(815301076,1909f56bfc062723c751e8b465ee728b)
Start importing Assets/Photon/PhotonUnityNetworking/Demos/Shared Assets/Skin/DropDown CheckMark.png using Guid(fd47c8b4ebfbd4339858d4d23f587519) Importer(815301076,1909f56bfc062723c751e8b465ee728b)  -> (artifact id: '6ec9f57b3fbb9f3ef7a240a27976ff83') in 0.069097 seconds
  Import took 0.071293 seconds .

========================================================================
Received Import Request.
  Time since last request: 0.000248 seconds.
  path: Assets/Photon/PhotonUnityNetworking/Demos/DemoProcedural/Materials/Black.mat
  artifactKey: Guid(1598ff147655ecb4893e78f88baa9475) Importer(815301076,1909f56bfc062723c751e8b465ee728b)
Start importing Assets/Photon/PhotonUnityNetworking/Demos/DemoProcedural/Materials/Black.mat using Guid(1598ff147655ecb4893e78f88baa9475) Importer(815301076,1909f56bfc062723c751e8b465ee728b)  -> (artifact id: '3376daa0d2fd43f6096fbc868c105718') in 0.018773 seconds
  Import took 0.021116 seconds .

========================================================================
Received Import Request.
  Time since last request: 5.269133 seconds.
  path: Assets/Photon/PhotonUnityNetworking/Demos/PunBasics-Tutorial/Resources/My Robot Kyle -done-.prefab
  artifactKey: Guid(fe764102aa5aa431795da15fa2dec0e2) Importer(815301076,1909f56bfc062723c751e8b465ee728b)
Start importing Assets/Photon/PhotonUnityNetworking/Demos/PunBasics-Tutorial/Resources/My Robot Kyle -done-.prefab using Guid(fe764102aa5aa431795da15fa2dec0e2) Importer(815301076,1909f56bfc062723c751e8b465ee728b)  -> (artifact id: '0d0cf0d3f672b24804cb259895fb312b') in 0.382876 seconds
  Import took 0.386328 seconds .

========================================================================
Received Prepare
Registering precompiled user dll's ...
Registered in 0.002901 seconds.
Begin MonoManager ReloadAssembly
Native extension for WindowsStandalone target not found
Refreshing native plugins compatible for Editor in 0.35 ms, found 0 plugins.
Preloading 0 native plugins for Editor in 0.00 ms.
Mono: successfully reloaded assembly
- Completed reload, in  0.847 seconds
Platform modules already initialized, skipping
Refreshing native plugins compatible for Editor in 0.34 ms, found 0 plugins.
Preloading 0 native plugins for Editor in 0.00 ms.
Unloading 1336 Unused Serialized files (Serialized files now loaded: 0)
System memory in use before: 82.0 MB.
System memory in use after: 82.1 MB.

Unloading 13 unused Assets to reduce memory usage. Loaded Objects now: 1861.
Total: 2.088600 ms (FindLiveObjects: 0.162300 ms CreateObjectMapping: 0.063700 ms MarkObjects: 1.793600 ms  DeleteObjects: 0.067300 ms)

========================================================================
Received Import Request.
  Time since last request: 625.661907 seconds.
  path: Assets/Photon/PhotonUnityNetworking/Demos/PunBasics-Tutorial/Animator/Kyle Robot.controller
  artifactKey: Guid(1b222757b9e3844209748206173481c3) Importer(815301076,1909f56bfc062723c751e8b465ee728b)
Start importing Assets/Photon/PhotonUnityNetworking/Demos/PunBasics-Tutorial/Animator/Kyle Robot.controller using Guid(1b222757b9e3844209748206173481c3) Importer(815301076,1909f56bfc062723c751e8b465ee728b)  -> (artifact id: 'bdddf1f0c46a1b4b1a411c0ba83d2d60') in 0.026453 seconds
  Import took 0.029745 seconds .

========================================================================
Received Import Request.
  Time since last request: 9.568709 seconds.
  path: Assets/Photon/PhotonUnityNetworking/Demos/Shared Assets/Animations/HumanoidCrouch.fbx
  artifactKey: Guid(d89ea37480b6d75458aa38843e9688dc) Importer(815301076,1909f56bfc062723c751e8b465ee728b)
Start importing Assets/Photon/PhotonUnityNetworking/Demos/Shared Assets/Animations/HumanoidCrouch.fbx using Guid(d89ea37480b6d75458aa38843e9688dc) Importer(815301076,1909f56bfc062723c751e8b465ee728b)  -> (artifact id: '93ad15a7025a0dcc0c33fcc0f20a9ac3') in 0.047338 seconds
  Import took 0.050588 seconds .

========================================================================
Received Import Request.
  Time since last request: 0.000210 seconds.
  path: Assets/Photon/PhotonUnityNetworking/Demos/Shared Assets/Animations/HumanoidWalkTurn.fbx
  artifactKey: Guid(1c52c953c83c2254a9fa72d50250f028) Importer(815301076,1909f56bfc062723c751e8b465ee728b)
Start importing Assets/Photon/PhotonUnityNetworking/Demos/Shared Assets/Animations/HumanoidWalkTurn.fbx using Guid(1c52c953c83c2254a9fa72d50250f028) Importer(815301076,1909f56bfc062723c751e8b465ee728b)  -> (artifact id: '47ef1d8abe0883d883fc65e021dca49b') in 0.017272 seconds
  Import took 0.019884 seconds .

========================================================================
Received Import Request.
  Time since last request: 0.000215 seconds.
  path: Assets/Photon/PhotonUnityNetworking/Demos/Shared Assets/Animations/HumanoidJumpAndFall.fbx
  artifactKey: Guid(51dd2e4c869794f75a0df7d54b210214) Importer(815301076,1909f56bfc062723c751e8b465ee728b)
Start importing Assets/Photon/PhotonUnityNetworking/Demos/Shared Assets/Animations/HumanoidJumpAndFall.fbx using Guid(51dd2e4c869794f75a0df7d54b210214) Importer(815301076,1909f56bfc062723c751e8b465ee728b)  -> (artifact id: '99491d1851f270b3998407eac2be9acd') in 0.019110 seconds
  Import took 0.022508 seconds .

========================================================================
Received Import Request.
  Time since last request: 0.000251 seconds.
  path: Assets/Photon/PhotonUnityNetworking/Demos/Shared Assets/Animations/HumanoidStandTurn.fbx
  artifactKey: Guid(6fb3851da6a6f5948ab6892bee8ba920) Importer(815301076,1909f56bfc062723c751e8b465ee728b)
Start importing Assets/Photon/PhotonUnityNetworking/Demos/Shared Assets/Animations/HumanoidStandTurn.fbx using Guid(6fb3851da6a6f5948ab6892bee8ba920) Importer(815301076,1909f56bfc062723c751e8b465ee728b)  -> (artifact id: '00fde553a765cf88ae86fc730300f9b1') in 0.019999 seconds
  Import took 0.022709 seconds .

========================================================================
Received Import Request.
  Time since last request: 0.000219 seconds.
  path: Assets/Photon/PhotonUnityNetworking/Demos/Shared Assets/Animations/HumanoidWalkTurnSharp.fbx
  artifactKey: Guid(bb141fc9a700c9c4ca7e6dadb8acf24b) Importer(815301076,1909f56bfc062723c751e8b465ee728b)
Start importing Assets/Photon/PhotonUnityNetworking/Demos/Shared Assets/Animations/HumanoidWalkTurnSharp.fbx using Guid(bb141fc9a700c9c4ca7e6dadb8acf24b) Importer(815301076,1909f56bfc062723c751e8b465ee728b)  -> (artifact id: '733302fb5421e205d3919c673b6e1f32') in 0.018139 seconds
  Import took 0.021215 seconds .

========================================================================
Received Import Request.
  Time since last request: 0.000190 seconds.
  path: Assets/Photon/PhotonUnityNetworking/Demos/Shared Assets/Animations/HumanoidRunTurn.fbx
  artifactKey: Guid(1062212255550964e974f3ffb3cbaae3) Importer(815301076,1909f56bfc062723c751e8b465ee728b)
Start importing Assets/Photon/PhotonUnityNetworking/Demos/Shared Assets/Animations/HumanoidRunTurn.fbx using Guid(1062212255550964e974f3ffb3cbaae3) Importer(815301076,1909f56bfc062723c751e8b465ee728b)  -> (artifact id: '4494b158e11842f65b1ff6523b90f8c6') in 0.012566 seconds
  Import took 0.015227 seconds .

========================================================================
Received Import Request.
  Time since last request: 0.000204 seconds.
  path: Assets/Photon/PhotonUnityNetworking/Demos/Shared Assets/Animations/HumanoidIdle.fbx
  artifactKey: Guid(dffa50cfe77e0434bbfa71245b3dd529) Importer(815301076,1909f56bfc062723c751e8b465ee728b)
Start importing Assets/Photon/PhotonUnityNetworking/Demos/Shared Assets/Animations/HumanoidIdle.fbx using Guid(dffa50cfe77e0434bbfa71245b3dd529) Importer(815301076,1909f56bfc062723c751e8b465ee728b)  -> (artifact id: '2faeb0e8296242da0826863f9e778f72') in 0.011595 seconds
  Import took 0.014287 seconds .

========================================================================
Received Import Request.
  Time since last request: 0.000193 seconds.
  path: Assets/Photon/PhotonUnityNetworking/Demos/Shared Assets/Animations/HumanoidRunTurnSharp.fbx
  artifactKey: Guid(f2bed5dc5afacff44a00de8daae9703b) Importer(815301076,1909f56bfc062723c751e8b465ee728b)
Start importing Assets/Photon/PhotonUnityNetworking/Demos/Shared Assets/Animations/HumanoidRunTurnSharp.fbx using Guid(f2bed5dc5afacff44a00de8daae9703b) Importer(815301076,1909f56bfc062723c751e8b465ee728b)  -> (artifact id: 'd13c1baa93cc766d5994a8cde74e97aa') in 0.016738 seconds
  Import took 0.019576 seconds .

========================================================================
Received Import Request.
  Time since last request: 0.000192 seconds.
  path: Assets/Photon/PhotonUnityNetworking/Demos/Shared Assets/Animations/HumanoidWalk.fbx
  artifactKey: Guid(b1a5e04ae51004842aba06704a6c2903) Importer(815301076,1909f56bfc062723c751e8b465ee728b)
Start importing Assets/Photon/PhotonUnityNetworking/Demos/Shared Assets/Animations/HumanoidWalk.fbx using Guid(b1a5e04ae51004842aba06704a6c2903) Importer(815301076,1909f56bfc062723c751e8b465ee728b)  -> (artifact id: '57e82e124f32100a45c258474f93a89a') in 0.016203 seconds
  Import took 0.018677 seconds .

========================================================================
Received Import Request.
  Time since last request: 0.000194 seconds.
  path: Assets/Photon/PhotonUnityNetworking/Demos/Shared Assets/Animations/HumanoidRun.fbx
  artifactKey: Guid(1cb8ed3cbba15f0479fbae54e0a963df) Importer(815301076,1909f56bfc062723c751e8b465ee728b)
Start importing Assets/Photon/PhotonUnityNetworking/Demos/Shared Assets/Animations/HumanoidRun.fbx using Guid(1cb8ed3cbba15f0479fbae54e0a963df) Importer(815301076,1909f56bfc062723c751e8b465ee728b)  -> (artifact id: '25349690d26e1a4502b1981878a96a73') in 0.012449 seconds
  Import took 0.015137 seconds .

========================================================================
Received Import Request.
  Time since last request: 0.000205 seconds.
  path: Assets/Photon/PhotonUnityNetworking/Demos/Shared Assets/Animations/HumanoidMidAir.fbx
  artifactKey: Guid(f03e10c73f30b4ab4aa8ea8f1cc16d36) Importer(815301076,1909f56bfc062723c751e8b465ee728b)
Start importing Assets/Photon/PhotonUnityNetworking/Demos/Shared Assets/Animations/HumanoidMidAir.fbx using Guid(f03e10c73f30b4ab4aa8ea8f1cc16d36) Importer(815301076,1909f56bfc062723c751e8b465ee728b)  -> (artifact id: '682d9a15aa500498fa8e978cc2f7719d') in 0.017098 seconds
  Import took 0.019691 seconds .

========================================================================
Received Import Request.
  Time since last request: 0.000205 seconds.
  path: Assets/Photon/PhotonUnityNetworking/Demos/Shared Assets/Animations/HumanoidIdleJumpUp.fbx
  artifactKey: Guid(0d9d26e2162aa4d11ab075b34c029673) Importer(815301076,1909f56bfc062723c751e8b465ee728b)
Start importing Assets/Photon/PhotonUnityNetworking/Demos/Shared Assets/Animations/HumanoidIdleJumpUp.fbx using Guid(0d9d26e2162aa4d11ab075b34c029673) Importer(815301076,1909f56bfc062723c751e8b465ee728b)  -> (artifact id: '5bf7bb57cb554f5e005a8f6766e81358') in 0.016346 seconds
  Import took 0.020392 seconds .

========================================================================
Received Prepare
Registering precompiled user dll's ...
Registered in 0.002991 seconds.
Begin MonoManager ReloadAssembly
Native extension for WindowsStandalone target not found
Refreshing native plugins compatible for Editor in 0.34 ms, found 0 plugins.
Preloading 0 native plugins for Editor in 0.00 ms.
Mono: successfully reloaded assembly
- Completed reload, in  0.836 seconds
Platform modules already initialized, skipping
Refreshing native plugins compatible for Editor in 0.34 ms, found 0 plugins.
Preloading 0 native plugins for Editor in 0.00 ms.
Unloading 1336 Unused Serialized files (Serialized files now loaded: 0)
System memory in use before: 82.1 MB.
System memory in use after: 82.2 MB.

Unloading 10 unused Assets to reduce memory usage. Loaded Objects now: 1865.
Total: 1.875600 ms (FindLiveObjects: 0.146000 ms CreateObjectMapping: 0.053500 ms MarkObjects: 1.606900 ms  DeleteObjects: 0.068300 ms)

========================================================================
Received Import Request.
  Time since last request: 229.723528 seconds.
  path: Assets/Animation/TestKyle.controller
  artifactKey: Guid(eabe98da75585694d9caac29fa32af63) Importer(815301076,1909f56bfc062723c751e8b465ee728b)
Start importing Assets/Animation/TestKyle.controller using Guid(eabe98da75585694d9caac29fa32af63) Importer(815301076,1909f56bfc062723c751e8b465ee728b)  -> (artifact id: '1030bd6c4041708d853b9b36f767d1e9') in 0.019518 seconds
  Import took 0.022583 seconds .

========================================================================
Received Prepare
Registering precompiled user dll's ...
Registered in 0.002970 seconds.
Begin MonoManager ReloadAssembly
Native extension for WindowsStandalone target not found
Refreshing native plugins compatible for Editor in 0.34 ms, found 0 plugins.
Preloading 0 native plugins for Editor in 0.00 ms.
Mono: successfully reloaded assembly
- Completed reload, in  0.853 seconds
Platform modules already initialized, skipping
Refreshing native plugins compatible for Editor in 0.35 ms, found 0 plugins.
Preloading 0 native plugins for Editor in 0.00 ms.
Unloading 1336 Unused Serialized files (Serialized files now loaded: 0)
System memory in use before: 82.1 MB.
System memory in use after: 82.2 MB.

Unloading 10 unused Assets to reduce memory usage. Loaded Objects now: 1869.
Total: 1.877100 ms (FindLiveObjects: 0.184800 ms CreateObjectMapping: 0.056300 ms MarkObjects: 1.581000 ms  DeleteObjects: 0.053800 ms)

========================================================================
Received Import Request.
  Time since last request: 289.778497 seconds.
  path: Assets/Resources/User.prefab
  artifactKey: Guid(1bd329b2f2490924bae7e25e730e223e) Importer(815301076,1909f56bfc062723c751e8b465ee728b)
Start importing Assets/Resources/User.prefab using Guid(1bd329b2f2490924bae7e25e730e223e) Importer(815301076,1909f56bfc062723c751e8b465ee728b)  -> (artifact id: '1778f85ed7df602b461ea2b707b4b6f7') in 0.101501 seconds
  Import took 0.104675 seconds .

========================================================================
Received Import Request.
  Time since last request: 10.201475 seconds.
  path: Assets/Resources/User.prefab
  artifactKey: Guid(1bd329b2f2490924bae7e25e730e223e) Importer(815301076,1909f56bfc062723c751e8b465ee728b)
Start importing Assets/Resources/User.prefab using Guid(1bd329b2f2490924bae7e25e730e223e) Importer(815301076,1909f56bfc062723c751e8b465ee728b)  -> (artifact id: 'a6a80723cb58b33314cdb5d9201a6bd0') in 0.014059 seconds
  Import took 0.016683 seconds .

========================================================================
Received Import Request.
  Time since last request: 6.699537 seconds.
  path: Assets/Resources/User.prefab
  artifactKey: Guid(1bd329b2f2490924bae7e25e730e223e) Importer(815301076,1909f56bfc062723c751e8b465ee728b)
Start importing Assets/Resources/User.prefab using Guid(1bd329b2f2490924bae7e25e730e223e) Importer(815301076,1909f56bfc062723c751e8b465ee728b)  -> (artifact id: '711e8d309fec2ee727913985de472c43') in 0.014393 seconds
  Import took 0.017240 seconds .

========================================================================
Received Prepare
Registering precompiled user dll's ...
Registered in 0.002906 seconds.
Begin MonoManager ReloadAssembly
Native extension for WindowsStandalone target not found
Refreshing native plugins compatible for Editor in 0.34 ms, found 0 plugins.
Preloading 0 native plugins for Editor in 0.00 ms.
Mono: successfully reloaded assembly
- Completed reload, in  0.861 seconds
Platform modules already initialized, skipping
Refreshing native plugins compatible for Editor in 0.35 ms, found 0 plugins.
Preloading 0 native plugins for Editor in 0.00 ms.
Unloading 1336 Unused Serialized files (Serialized files now loaded: 0)
System memory in use before: 82.2 MB.
System memory in use after: 82.3 MB.

Unloading 10 unused Assets to reduce memory usage. Loaded Objects now: 1875.
Total: 2.013600 ms (FindLiveObjects: 0.174800 ms CreateObjectMapping: 0.055400 ms MarkObjects: 1.732000 ms  DeleteObjects: 0.050400 ms)

========================================================================
Received Prepare
Registering precompiled user dll's ...
Registered in 0.003051 seconds.
Begin MonoManager ReloadAssembly
Native extension for WindowsStandalone target not found
Refreshing native plugins compatible for Editor in 0.36 ms, found 0 plugins.
Preloading 0 native plugins for Editor in 0.00 ms.
Mono: successfully reloaded assembly
- Completed reload, in  0.940 seconds
Platform modules already initialized, skipping
Refreshing native plugins compatible for Editor in 0.37 ms, found 0 plugins.
Preloading 0 native plugins for Editor in 0.00 ms.
Unloading 1336 Unused Serialized files (Serialized files now loaded: 0)
System memory in use before: 82.2 MB.
System memory in use after: 82.3 MB.

Unloading 10 unused Assets to reduce memory usage. Loaded Objects now: 1879.
Total: 2.054300 ms (FindLiveObjects: 0.221700 ms CreateObjectMapping: 0.054000 ms MarkObjects: 1.719200 ms  DeleteObjects: 0.058200 ms)

========================================================================
Received Import Request.
  Time since last request: 228.656128 seconds.
  path: Assets/Photon/PhotonUnityNetworking/Code/PhotonUnityNetworking.asmdef
  artifactKey: Guid(57c32fc907df0f54e8e6e8f0d2488336) Importer(815301076,1909f56bfc062723c751e8b465ee728b)
Start importing Assets/Photon/PhotonUnityNetworking/Code/PhotonUnityNetworking.asmdef using Guid(57c32fc907df0f54e8e6e8f0d2488336) Importer(815301076,1909f56bfc062723c751e8b465ee728b)  -> (artifact id: 'e67df24708c4bdcfdf8f3b313ecdf945') in 0.012644 seconds
  Import took 0.015158 seconds .

========================================================================
Received Import Request.
  Time since last request: 0.006340 seconds.
  path: Assets/Photon/PhotonUnityNetworking/Code/PhotonUnityNetworking.asmdef
  artifactKey: Guid(57c32fc907df0f54e8e6e8f0d2488336) Importer(815301076,1909f56bfc062723c751e8b465ee728b)
Start importing Assets/Photon/PhotonUnityNetworking/Code/PhotonUnityNetworking.asmdef using Guid(57c32fc907df0f54e8e6e8f0d2488336) Importer(815301076,1909f56bfc062723c751e8b465ee728b)  -> (artifact id: 'e67df24708c4bdcfdf8f3b313ecdf945') in 0.002829 seconds
  Import took 0.005819 seconds .

========================================================================
Received Prepare
Registering precompiled user dll's ...
Registered in 0.002897 seconds.
Begin MonoManager ReloadAssembly
Native extension for WindowsStandalone target not found
Refreshing native plugins compatible for Editor in 0.36 ms, found 0 plugins.
Preloading 0 native plugins for Editor in 0.00 ms.
Mono: successfully reloaded assembly
- Completed reload, in  0.858 seconds
Platform modules already initialized, skipping
Refreshing native plugins compatible for Editor in 0.35 ms, found 0 plugins.
Preloading 0 native plugins for Editor in 0.00 ms.
Unloading 1336 Unused Serialized files (Serialized files now loaded: 0)
System memory in use before: 82.2 MB.
System memory in use after: 82.3 MB.

Unloading 10 unused Assets to reduce memory usage. Loaded Objects now: 1883.
Total: 1.782800 ms (FindLiveObjects: 0.150500 ms CreateObjectMapping: 0.053600 ms MarkObjects: 1.523400 ms  DeleteObjects: 0.054500 ms)

========================================================================
Received Prepare
Registering precompiled user dll's ...
Registered in 0.003026 seconds.
Begin MonoManager ReloadAssembly
Native extension for WindowsStandalone target not found
Refreshing native plugins compatible for Editor in 0.36 ms, found 0 plugins.
Preloading 0 native plugins for Editor in 0.00 ms.
Mono: successfully reloaded assembly
- Completed reload, in  0.939 seconds
Platform modules already initialized, skipping
Refreshing native plugins compatible for Editor in 0.35 ms, found 0 plugins.
Preloading 0 native plugins for Editor in 0.00 ms.
Unloading 1336 Unused Serialized files (Serialized files now loaded: 0)
System memory in use before: 82.2 MB.
System memory in use after: 82.3 MB.

Unloading 10 unused Assets to reduce memory usage. Loaded Objects now: 1887.
Total: 2.262600 ms (FindLiveObjects: 0.264200 ms CreateObjectMapping: 0.082800 ms MarkObjects: 1.843800 ms  DeleteObjects: 0.070100 ms)

========================================================================
Received Prepare
Registering precompiled user dll's ...
Registered in 0.002937 seconds.
Begin MonoManager ReloadAssembly
Native extension for WindowsStandalone target not found
Refreshing native plugins compatible for Editor in 0.34 ms, found 0 plugins.
Preloading 0 native plugins for Editor in 0.00 ms.
Mono: successfully reloaded assembly
- Completed reload, in  0.858 seconds
Platform modules already initialized, skipping
Refreshing native plugins compatible for Editor in 0.36 ms, found 0 plugins.
Preloading 0 native plugins for Editor in 0.00 ms.
Unloading 1336 Unused Serialized files (Serialized files now loaded: 0)
System memory in use before: 82.2 MB.
System memory in use after: 82.3 MB.

Unloading 10 unused Assets to reduce memory usage. Loaded Objects now: 1891.
Total: 1.810100 ms (FindLiveObjects: 0.156100 ms CreateObjectMapping: 0.052800 ms MarkObjects: 1.538500 ms  DeleteObjects: 0.061400 ms)

========================================================================
Received Prepare
Registering precompiled user dll's ...
Registered in 0.003024 seconds.
Begin MonoManager ReloadAssembly
Native extension for WindowsStandalone target not found
Refreshing native plugins compatible for Editor in 0.36 ms, found 0 plugins.
Preloading 0 native plugins for Editor in 0.00 ms.
Mono: successfully reloaded assembly
- Completed reload, in  0.832 seconds
Platform modules already initialized, skipping
Refreshing native plugins compatible for Editor in 0.34 ms, found 0 plugins.
Preloading 0 native plugins for Editor in 0.00 ms.
Unloading 1336 Unused Serialized files (Serialized files now loaded: 0)
System memory in use before: 82.2 MB.
System memory in use after: 82.3 MB.

Unloading 10 unused Assets to reduce memory usage. Loaded Objects now: 1895.
Total: 2.058300 ms (FindLiveObjects: 0.186400 ms CreateObjectMapping: 0.065200 ms MarkObjects: 1.753600 ms  DeleteObjects: 0.052100 ms)

========================================================================
Received Import Request.
  Time since last request: 819.690143 seconds.
  path: Assets/Animation/User.controller
  artifactKey: Guid(52e1e06c04ccf564faf5f11754f74bcb) Importer(815301076,1909f56bfc062723c751e8b465ee728b)
Start importing Assets/Animation/User.controller using Guid(52e1e06c04ccf564faf5f11754f74bcb) Importer(815301076,1909f56bfc062723c751e8b465ee728b)  -> (artifact id: '0ce05186ba190fc3794088f54860ee0f') in 0.018395 seconds
  Import took 0.021096 seconds .

========================================================================
Received Import Request.
  Time since last request: 28.306247 seconds.
  path: Assets/Animation/TestKyle.controller
  artifactKey: Guid(eabe98da75585694d9caac29fa32af63) Importer(815301076,1909f56bfc062723c751e8b465ee728b)
Start importing Assets/Animation/TestKyle.controller using Guid(eabe98da75585694d9caac29fa32af63) Importer(815301076,1909f56bfc062723c751e8b465ee728b)  -> (artifact id: '2bbf35c615f22c5365ab744c1e2bfc6c') in 0.011506 seconds
  Import took 0.014860 seconds .

========================================================================
Received Import Request.
  Time since last request: 177.126857 seconds.
  path: Assets/Animation/New Animation.anim
  artifactKey: Guid(4eac6601de91cfd4bb60be2a62047c3d) Importer(815301076,1909f56bfc062723c751e8b465ee728b)
Start importing Assets/Animation/New Animation.anim using Guid(4eac6601de91cfd4bb60be2a62047c3d) Importer(815301076,1909f56bfc062723c751e8b465ee728b)  -> (artifact id: '43fe76f498185c2d6c4d91994b7c19c6') in 0.011754 seconds
  Import took 0.014590 seconds .

========================================================================
Received Import Request.
  Time since last request: 27.954714 seconds.
  path: Assets/Animation/forward.anim
  artifactKey: Guid(4eac6601de91cfd4bb60be2a62047c3d) Importer(815301076,1909f56bfc062723c751e8b465ee728b)
Start importing Assets/Animation/forward.anim using Guid(4eac6601de91cfd4bb60be2a62047c3d) Importer(815301076,1909f56bfc062723c751e8b465ee728b)  -> (artifact id: '2ea9b9385ca45746585fce77ad109596') in 0.007838 seconds
  Import took 0.010405 seconds .

========================================================================
Received Import Request.
  Time since last request: 48.492409 seconds.
  path: Assets/Animation/left.anim
  artifactKey: Guid(2bb0820835291e648ad5e68d36c60948) Importer(815301076,1909f56bfc062723c751e8b465ee728b)
Start importing Assets/Animation/left.anim using Guid(2bb0820835291e648ad5e68d36c60948) Importer(815301076,1909f56bfc062723c751e8b465ee728b)  -> (artifact id: '6d3697b454f4483116c8ec932a1fd9b1') in 0.008777 seconds
  Import took 0.011709 seconds .

========================================================================
Received Import Request.
  Time since last request: 12.253826 seconds.
  path: Assets/Animation/right.anim
  artifactKey: Guid(6dba9e876570b174fb1bde6a316be65e) Importer(815301076,1909f56bfc062723c751e8b465ee728b)
Start importing Assets/Animation/right.anim using Guid(6dba9e876570b174fb1bde6a316be65e) Importer(815301076,1909f56bfc062723c751e8b465ee728b)  -> (artifact id: 'b86a5b316e426262da03d30f1f2687b4') in 0.008066 seconds
  Import took 0.011022 seconds .

========================================================================
Received Prepare
Registering precompiled user dll's ...
Registered in 0.002874 seconds.
Begin MonoManager ReloadAssembly
Native extension for WindowsStandalone target not found
Refreshing native plugins compatible for Editor in 0.35 ms, found 0 plugins.
Preloading 0 native plugins for Editor in 0.00 ms.
Mono: successfully reloaded assembly
- Completed reload, in  0.845 seconds
Platform modules already initialized, skipping
Refreshing native plugins compatible for Editor in 0.37 ms, found 0 plugins.
Preloading 0 native plugins for Editor in 0.00 ms.
Unloading 1336 Unused Serialized files (Serialized files now loaded: 0)
System memory in use before: 82.2 MB.
System memory in use after: 82.3 MB.

Unloading 10 unused Assets to reduce memory usage. Loaded Objects now: 1899.
Total: 1.871000 ms (FindLiveObjects: 0.195400 ms CreateObjectMapping: 0.057600 ms MarkObjects: 1.562100 ms  DeleteObjects: 0.054700 ms)

========================================================================
Received Prepare
Registering precompiled user dll's ...
Registered in 0.002938 seconds.
Begin MonoManager ReloadAssembly
Native extension for WindowsStandalone target not found
Refreshing native plugins compatible for Editor in 0.34 ms, found 0 plugins.
Preloading 0 native plugins for Editor in 0.00 ms.
Mono: successfully reloaded assembly
- Completed reload, in  0.852 seconds
Platform modules already initialized, skipping
Refreshing native plugins compatible for Editor in 0.35 ms, found 0 plugins.
Preloading 0 native plugins for Editor in 0.00 ms.
Unloading 1336 Unused Serialized files (Serialized files now loaded: 0)
System memory in use before: 82.3 MB.
System memory in use after: 82.3 MB.

Unloading 10 unused Assets to reduce memory usage. Loaded Objects now: 1903.
Total: 1.898100 ms (FindLiveObjects: 0.165700 ms CreateObjectMapping: 0.054800 ms MarkObjects: 1.618700 ms  DeleteObjects: 0.057700 ms)

========================================================================
Received Import Request.
  Time since last request: 987.346814 seconds.
  path: Assets/Animation/forward.anim
  artifactKey: Guid(4eac6601de91cfd4bb60be2a62047c3d) Importer(815301076,1909f56bfc062723c751e8b465ee728b)
Start importing Assets/Animation/forward.anim using Guid(4eac6601de91cfd4bb60be2a62047c3d) Importer(815301076,1909f56bfc062723c751e8b465ee728b)  -> (artifact id: '39a1c6784fed802b3538d418ceda05f8') in 0.016018 seconds
  Import took 0.018798 seconds .

========================================================================
Received Import Request.
  Time since last request: 7.281665 seconds.
  path: Assets/Animation/left.anim
  artifactKey: Guid(2bb0820835291e648ad5e68d36c60948) Importer(815301076,1909f56bfc062723c751e8b465ee728b)
Start importing Assets/Animation/left.anim using Guid(2bb0820835291e648ad5e68d36c60948) Importer(815301076,1909f56bfc062723c751e8b465ee728b)  -> (artifact id: 'fc169bf51e45abe56b02bcb9e5ced03d') in 0.004243 seconds
  Import took 0.007141 seconds .

========================================================================
Received Import Request.
  Time since last request: 1.874911 seconds.
  path: Assets/Animation/right.anim
  artifactKey: Guid(6dba9e876570b174fb1bde6a316be65e) Importer(815301076,1909f56bfc062723c751e8b465ee728b)
Start importing Assets/Animation/right.anim using Guid(6dba9e876570b174fb1bde6a316be65e) Importer(815301076,1909f56bfc062723c751e8b465ee728b)  -> (artifact id: '0ff2edc5f185f29932ca051a611fdd99') in 0.003709 seconds
  Import took 0.006251 seconds .

========================================================================
Received Prepare
Registering precompiled user dll's ...
Registered in 0.002953 seconds.
Begin MonoManager ReloadAssembly
Native extension for WindowsStandalone target not found
Refreshing native plugins compatible for Editor in 0.37 ms, found 0 plugins.
Preloading 0 native plugins for Editor in 0.00 ms.
Mono: successfully reloaded assembly
- Completed reload, in  0.848 seconds
Platform modules already initialized, skipping
Refreshing native plugins compatible for Editor in 0.35 ms, found 0 plugins.
Preloading 0 native plugins for Editor in 0.00 ms.
Unloading 1336 Unused Serialized files (Serialized files now loaded: 0)
System memory in use before: 82.3 MB.
System memory in use after: 82.3 MB.

Unloading 10 unused Assets to reduce memory usage. Loaded Objects now: 1907.
Total: 1.760100 ms (FindLiveObjects: 0.152200 ms CreateObjectMapping: 0.054300 ms MarkObjects: 1.500300 ms  DeleteObjects: 0.051900 ms)

========================================================================
Received Import Request.
  Time since last request: 3.623133 seconds.
  path: Assets/Animation/right.anim
  artifactKey: Guid(6dba9e876570b174fb1bde6a316be65e) Importer(815301076,1909f56bfc062723c751e8b465ee728b)
Start importing Assets/Animation/right.anim using Guid(6dba9e876570b174fb1bde6a316be65e) Importer(815301076,1909f56bfc062723c751e8b465ee728b)  -> (artifact id: 'fa13526318623df1e0204773ffff4d4a') in 0.013148 seconds
  Import took 0.015561 seconds .

========================================================================
Received Import Request.
  Time since last request: 1.671313 seconds.
  path: Assets/Animation/right.anim
  artifactKey: Guid(6dba9e876570b174fb1bde6a316be65e) Importer(815301076,1909f56bfc062723c751e8b465ee728b)
Start importing Assets/Animation/right.anim using Guid(6dba9e876570b174fb1bde6a316be65e) Importer(815301076,1909f56bfc062723c751e8b465ee728b)  -> (artifact id: 'fa13526318623df1e0204773ffff4d4a') in 0.003905 seconds
  Import took 0.006306 seconds .

========================================================================
Received Import Request.
  Time since last request: 20.555004 seconds.
  path: Assets/Animation/User.controller
  artifactKey: Guid(52e1e06c04ccf564faf5f11754f74bcb) Importer(815301076,1909f56bfc062723c751e8b465ee728b)
Start importing Assets/Animation/User.controller using Guid(52e1e06c04ccf564faf5f11754f74bcb) Importer(815301076,1909f56bfc062723c751e8b465ee728b)  -> (artifact id: '406ad231bdbe74e6b55434e277f42378') in 0.006068 seconds
  Import took 0.008879 seconds .

========================================================================
Received Import Request.
  Time since last request: 13.445374 seconds.
  path: Assets/Animation/idle.anim
  artifactKey: Guid(602823ba5f5c3d04c804f29a8c0eaf60) Importer(815301076,1909f56bfc062723c751e8b465ee728b)
Start importing Assets/Animation/idle.anim using Guid(602823ba5f5c3d04c804f29a8c0eaf60) Importer(815301076,1909f56bfc062723c751e8b465ee728b)  -> (artifact id: '8cbb197f5fdc1be9b3dd41ee4b11bb20') in 0.010854 seconds
  Import took 0.013562 seconds .

========================================================================
Received Import Request.
  Time since last request: 0.004235 seconds.
  path: Assets/Animation/idle.anim
  artifactKey: Guid(602823ba5f5c3d04c804f29a8c0eaf60) Importer(815301076,1909f56bfc062723c751e8b465ee728b)
Start importing Assets/Animation/idle.anim using Guid(602823ba5f5c3d04c804f29a8c0eaf60) Importer(815301076,1909f56bfc062723c751e8b465ee728b)  -> (artifact id: '8cbb197f5fdc1be9b3dd41ee4b11bb20') in 0.003834 seconds
  Import took 0.006123 seconds .

========================================================================
Received Prepare
Registering precompiled user dll's ...
Registered in 0.003119 seconds.
Begin MonoManager ReloadAssembly
Native extension for WindowsStandalone target not found
Refreshing native plugins compatible for Editor in 0.37 ms, found 0 plugins.
Preloading 0 native plugins for Editor in 0.00 ms.
Mono: successfully reloaded assembly
- Completed reload, in  0.840 seconds
Platform modules already initialized, skipping
Refreshing native plugins compatible for Editor in 0.35 ms, found 0 plugins.
Preloading 0 native plugins for Editor in 0.00 ms.
Unloading 1336 Unused Serialized files (Serialized files now loaded: 0)
System memory in use before: 82.3 MB.
System memory in use after: 82.4 MB.

Unloading 10 unused Assets to reduce memory usage. Loaded Objects now: 1911.
Total: 1.858400 ms (FindLiveObjects: 0.146500 ms CreateObjectMapping: 0.052500 ms MarkObjects: 1.605800 ms  DeleteObjects: 0.052700 ms)

========================================================================
Received Import Request.
  Time since last request: 158.619814 seconds.
  path: Assets/Animation/left.anim
  artifactKey: Guid(2bb0820835291e648ad5e68d36c60948) Importer(815301076,1909f56bfc062723c751e8b465ee728b)
Start importing Assets/Animation/left.anim using Guid(2bb0820835291e648ad5e68d36c60948) Importer(815301076,1909f56bfc062723c751e8b465ee728b)  -> (artifact id: '07424f3fc35292e38cf272517379e1fe') in 0.013924 seconds
  Import took 0.016505 seconds .

========================================================================
Received Import Request.
  Time since last request: 0.001092 seconds.
  path: Assets/Animation/left.anim
  artifactKey: Guid(2bb0820835291e648ad5e68d36c60948) Importer(815301076,1909f56bfc062723c751e8b465ee728b)
Start importing Assets/Animation/left.anim using Guid(2bb0820835291e648ad5e68d36c60948) Importer(815301076,1909f56bfc062723c751e8b465ee728b)  -> (artifact id: '07424f3fc35292e38cf272517379e1fe') in 0.003360 seconds
  Import took 0.005536 seconds .

========================================================================
Received Import Request.
  Time since last request: 0.957632 seconds.
  path: Assets/Animation/forward.anim
  artifactKey: Guid(4eac6601de91cfd4bb60be2a62047c3d) Importer(815301076,1909f56bfc062723c751e8b465ee728b)
Start importing Assets/Animation/forward.anim using Guid(4eac6601de91cfd4bb60be2a62047c3d) Importer(815301076,1909f56bfc062723c751e8b465ee728b)  -> (artifact id: '1a0a61dfe3cae1de24b7d5dd812c839b') in 0.004183 seconds
  Import took 0.007287 seconds .

========================================================================
Received Prepare
Registering precompiled user dll's ...
Registered in 0.003123 seconds.
Begin MonoManager ReloadAssembly
Native extension for WindowsStandalone target not found
Refreshing native plugins compatible for Editor in 0.36 ms, found 0 plugins.
Preloading 0 native plugins for Editor in 0.00 ms.
Mono: successfully reloaded assembly
- Completed reload, in  0.839 seconds
Platform modules already initialized, skipping
Refreshing native plugins compatible for Editor in 0.34 ms, found 0 plugins.
Preloading 0 native plugins for Editor in 0.00 ms.
Unloading 1336 Unused Serialized files (Serialized files now loaded: 0)
System memory in use before: 82.3 MB.
System memory in use after: 82.4 MB.

Unloading 10 unused Assets to reduce memory usage. Loaded Objects now: 1915.
Total: 1.816300 ms (FindLiveObjects: 0.154800 ms CreateObjectMapping: 0.053900 ms MarkObjects: 1.548100 ms  DeleteObjects: 0.058500 ms)

