Using pre-set license
Built from '2020.3/staging' branch; Version is '2020.3.4f1 (0abb6314276a) revision 703331'; Using compiler version '192528614'; Build Type 'Release'
OS: 'Windows 10 Education; OS build 18363.1500; Version 1909; 64bit' Language: 'en' Physical Memory: 130940 MB
BatchMode: 1, IsHumanControllingUs: 0, StartBugReporterOnCrash: 0, Is64bit: 1, IsPro: 0

 COMMAND LINE ARGUMENTS:
C:\Program Files\Unity\Hub\Editor\2020.3.4f1\Editor\Unity.exe
-adb2
-batchMode
-noUpm
-name
AssetImportWorker0
-projectPath
C:/Users/VR CreatIVE/Documents/PhotonTest
-logFile
Logs/AssetImportWorker0.log
-srvPort
3342
Successfully changed project path to: C:/Users/VR CreatIVE/Documents/PhotonTest
C:/Users/VR CreatIVE/Documents/PhotonTest
Using Asset Import Pipeline V2.
Refreshing native plugins compatible for Editor in 30.16 ms, found 0 plugins.
Preloading 0 native plugins for Editor in 0.00 ms.
Initialize engine version: 2020.3.4f1 (0abb6314276a)
[Subsystems] Discovering subsystems at path C:/Program Files/Unity/Hub/Editor/2020.3.4f1/Editor/Data/Resources/UnitySubsystems
[Subsystems] Discovering subsystems at path C:/Users/VR CreatIVE/Documents/PhotonTest/Assets
GfxDevice: creating device client; threaded=0
Direct3D:
    Version:  Direct3D 11.0 [level 11.1]
    Renderer: NVIDIA TITAN X (Pascal) (ID=0x1b00)
    Vendor:   
    VRAM:     12147 MB
    Driver:   27.21.14.6589
Initialize mono
Mono path[0] = 'C:/Program Files/Unity/Hub/Editor/2020.3.4f1/Editor/Data/Managed'
Mono path[1] = 'C:/Program Files/Unity/Hub/Editor/2020.3.4f1/Editor/Data/MonoBleedingEdge/lib/mono/unityjit'
Mono config path = 'C:/Program Files/Unity/Hub/Editor/2020.3.4f1/Editor/Data/MonoBleedingEdge/etc'
Using monoOptions --debugger-agent=transport=dt_socket,embedding=1,server=y,suspend=n,address=127.0.0.1:56884
Begin MonoManager ReloadAssembly
Registering precompiled unity dll's ...
Register platform support module: C:/Program Files/Unity/Hub/Editor/2020.3.4f1/Editor/Data/PlaybackEngines/WindowsStandaloneSupport/UnityEditor.WindowsStandalone.Extensions.dll
Registered in 0.002191 seconds.
Native extension for WindowsStandalone target not found
Refreshing native plugins compatible for Editor in 32.43 ms, found 0 plugins.
Preloading 0 native plugins for Editor in 0.00 ms.
Mono: successfully reloaded assembly
- Completed reload, in  1.636 seconds
Platform modules already initialized, skipping
Registering precompiled user dll's ...
Registered in 0.003122 seconds.
Begin MonoManager ReloadAssembly
Native extension for WindowsStandalone target not found
Refreshing native plugins compatible for Editor in 0.36 ms, found 0 plugins.
Preloading 0 native plugins for Editor in 0.00 ms.
Mono: successfully reloaded assembly
- Completed reload, in  0.947 seconds
Platform modules already initialized, skipping
========================================================================
Worker process is ready to serve import requests
Launched and connected shader compiler UnityShaderCompiler.exe after 0.05 seconds
Refreshing native plugins compatible for Editor in 0.34 ms, found 0 plugins.
Preloading 0 native plugins for Editor in 0.00 ms.
Unloading 1337 Unused Serialized files (Serialized files now loaded: 0)
System memory in use before: 64.0 MB.
System memory in use after: 64.1 MB.

Unloading 16 unused Assets to reduce memory usage. Loaded Objects now: 1774.
Total: 2.007300 ms (FindLiveObjects: 0.144200 ms CreateObjectMapping: 0.053900 ms MarkObjects: 1.716800 ms  DeleteObjects: 0.091300 ms)

========================================================================
Received Import Request.
  path: Assets/Photon/PhotonUnityNetworking/Resources/PhotonServerSettings.asset
  artifactKey: Guid(670278dbb0ecfbf43ae72cd562d8aeaa) Importer(815301076,1909f56bfc062723c751e8b465ee728b)
Start importing Assets/Photon/PhotonUnityNetworking/Resources/PhotonServerSettings.asset using Guid(670278dbb0ecfbf43ae72cd562d8aeaa) Importer(815301076,1909f56bfc062723c751e8b465ee728b)  -> (artifact id: '970cd2e621381df170e033b5f20e3795') in 0.035542 seconds
  Import took 0.037984 seconds .

========================================================================
Received Import Request.
  Time since last request: 0.002639 seconds.
  path: Assets/Photon/PhotonUnityNetworking/Resources/PhotonServerSettings.asset
  artifactKey: Guid(670278dbb0ecfbf43ae72cd562d8aeaa) Importer(815301076,1909f56bfc062723c751e8b465ee728b)
Start importing Assets/Photon/PhotonUnityNetworking/Resources/PhotonServerSettings.asset using Guid(670278dbb0ecfbf43ae72cd562d8aeaa) Importer(815301076,1909f56bfc062723c751e8b465ee728b)  -> (artifact id: '970cd2e621381df170e033b5f20e3795') in 0.003216 seconds
  Import took 0.005286 seconds .

========================================================================
Received Prepare
Registering precompiled user dll's ...
Registered in 0.002829 seconds.
Begin MonoManager ReloadAssembly
Native extension for WindowsStandalone target not found
Refreshing native plugins compatible for Editor in 0.35 ms, found 0 plugins.
Preloading 0 native plugins for Editor in 0.00 ms.
Mono: successfully reloaded assembly
- Completed reload, in  0.868 seconds
Platform modules already initialized, skipping
Refreshing native plugins compatible for Editor in 0.34 ms, found 0 plugins.
Preloading 0 native plugins for Editor in 0.00 ms.
Unloading 1332 Unused Serialized files (Serialized files now loaded: 0)
System memory in use before: 63.9 MB.
System memory in use after: 63.9 MB.

Unloading 10 unused Assets to reduce memory usage. Loaded Objects now: 1779.
Total: 1.730000 ms (FindLiveObjects: 0.136200 ms CreateObjectMapping: 0.052400 ms MarkObjects: 1.485500 ms  DeleteObjects: 0.054900 ms)

========================================================================
Received Prepare
Registering precompiled user dll's ...
Registered in 0.003098 seconds.
Begin MonoManager ReloadAssembly
Native extension for WindowsStandalone target not found
Refreshing native plugins compatible for Editor in 0.35 ms, found 0 plugins.
Preloading 0 native plugins for Editor in 0.00 ms.
Mono: successfully reloaded assembly
- Completed reload, in  0.856 seconds
Platform modules already initialized, skipping
Refreshing native plugins compatible for Editor in 0.34 ms, found 0 plugins.
Preloading 0 native plugins for Editor in 0.00 ms.
Unloading 1332 Unused Serialized files (Serialized files now loaded: 0)
System memory in use before: 63.9 MB.
System memory in use after: 64.0 MB.

Unloading 10 unused Assets to reduce memory usage. Loaded Objects now: 1783.
Total: 1.863800 ms (FindLiveObjects: 0.223700 ms CreateObjectMapping: 0.074000 ms MarkObjects: 1.494900 ms  DeleteObjects: 0.069800 ms)

========================================================================
Received Import Request.
  Time since last request: 218.598470 seconds.
  path: Assets/Photon/PhotonUnityNetworking/Resources/PhotonServerSettings.asset
  artifactKey: Guid(670278dbb0ecfbf43ae72cd562d8aeaa) Importer(815301076,1909f56bfc062723c751e8b465ee728b)
Start importing Assets/Photon/PhotonUnityNetworking/Resources/PhotonServerSettings.asset using Guid(670278dbb0ecfbf43ae72cd562d8aeaa) Importer(815301076,1909f56bfc062723c751e8b465ee728b)  -> (artifact id: '2d86e66457b1018df8d374f50c74a2af') in 0.013266 seconds
  Import took 0.015625 seconds .

========================================================================
Received Import Request.
  Time since last request: 0.006400 seconds.
  path: Assets/Photon/PhotonUnityNetworking/Resources/PhotonServerSettings.asset
  artifactKey: Guid(670278dbb0ecfbf43ae72cd562d8aeaa) Importer(815301076,1909f56bfc062723c751e8b465ee728b)
Start importing Assets/Photon/PhotonUnityNetworking/Resources/PhotonServerSettings.asset using Guid(670278dbb0ecfbf43ae72cd562d8aeaa) Importer(815301076,1909f56bfc062723c751e8b465ee728b)  -> (artifact id: '2d86e66457b1018df8d374f50c74a2af') in 0.003403 seconds
  Import took 0.005642 seconds .

========================================================================
Received Import Request.
  Time since last request: 403.080267 seconds.
  path: Assets/Scripts/Launcher.cs
  artifactKey: Guid(ab841dddc5a509a4f86cbd9f40d1df5a) Importer(815301076,1909f56bfc062723c751e8b465ee728b)
Start importing Assets/Scripts/Launcher.cs using Guid(ab841dddc5a509a4f86cbd9f40d1df5a) Importer(815301076,1909f56bfc062723c751e8b465ee728b)  -> (artifact id: 'ab0e01b1243c2d31188a640fa7a4a5cf') in 0.023151 seconds
  Import took 0.026024 seconds .

========================================================================
Received Import Request.
  Time since last request: 0.000619 seconds.
  path: Assets/Scripts/Launcher.cs
  artifactKey: Guid(ab841dddc5a509a4f86cbd9f40d1df5a) Importer(815301076,1909f56bfc062723c751e8b465ee728b)
Start importing Assets/Scripts/Launcher.cs using Guid(ab841dddc5a509a4f86cbd9f40d1df5a) Importer(815301076,1909f56bfc062723c751e8b465ee728b)  -> (artifact id: 'ab0e01b1243c2d31188a640fa7a4a5cf') in 0.002911 seconds
  Import took 0.004804 seconds .

========================================================================
Received Prepare
Registering precompiled user dll's ...
Registered in 0.003334 seconds.
Begin MonoManager ReloadAssembly
Native extension for WindowsStandalone target not found
Refreshing native plugins compatible for Editor in 0.35 ms, found 0 plugins.
Preloading 0 native plugins for Editor in 0.00 ms.
Mono: successfully reloaded assembly
- Completed reload, in  0.855 seconds
Platform modules already initialized, skipping
Refreshing native plugins compatible for Editor in 0.30 ms, found 0 plugins.
Preloading 0 native plugins for Editor in 0.00 ms.
Unloading 1332 Unused Serialized files (Serialized files now loaded: 0)
System memory in use before: 63.9 MB.
System memory in use after: 64.0 MB.

Unloading 10 unused Assets to reduce memory usage. Loaded Objects now: 1787.
Total: 1.750700 ms (FindLiveObjects: 0.133400 ms CreateObjectMapping: 0.053300 ms MarkObjects: 1.492600 ms  DeleteObjects: 0.070000 ms)

========================================================================
Received Import Request.
  Time since last request: 130.552010 seconds.
  path: Assets/Scripts
  artifactKey: Guid(dd1037adedefd5441a87757eb0633daf) Importer(815301076,1909f56bfc062723c751e8b465ee728b)
Start importing Assets/Scripts using Guid(dd1037adedefd5441a87757eb0633daf) Importer(815301076,1909f56bfc062723c751e8b465ee728b)  -> (artifact id: '79181eda9798568907d65c146780be0e') in 0.012198 seconds
  Import took 0.015251 seconds .

========================================================================
Received Import Request.
  Time since last request: 0.000304 seconds.
  path: Assets/Scripts
  artifactKey: Guid(dd1037adedefd5441a87757eb0633daf) Importer(815301076,1909f56bfc062723c751e8b465ee728b)
Start importing Assets/Scripts using Guid(dd1037adedefd5441a87757eb0633daf) Importer(815301076,1909f56bfc062723c751e8b465ee728b)  -> (artifact id: '79181eda9798568907d65c146780be0e') in 0.003126 seconds
  Import took 0.005149 seconds .

========================================================================
Received Import Request.
  Time since last request: 10.406077 seconds.
  path: Assets/Scripts/PlayerNameInputField.cs
  artifactKey: Guid(8d66a0156e583a244b405971442d793b) Importer(815301076,1909f56bfc062723c751e8b465ee728b)
Start importing Assets/Scripts/PlayerNameInputField.cs using Guid(8d66a0156e583a244b405971442d793b) Importer(815301076,1909f56bfc062723c751e8b465ee728b)  -> (artifact id: '69f5d1a19135bb655807db53c7d0ed66') in 0.008171 seconds
  Import took 0.010852 seconds .

========================================================================
Received Prepare
Registering precompiled user dll's ...
Registered in 0.003054 seconds.
Begin MonoManager ReloadAssembly
Native extension for WindowsStandalone target not found
Refreshing native plugins compatible for Editor in 0.34 ms, found 0 plugins.
Preloading 0 native plugins for Editor in 0.00 ms.
Mono: successfully reloaded assembly
- Completed reload, in  0.875 seconds
Platform modules already initialized, skipping
Refreshing native plugins compatible for Editor in 0.34 ms, found 0 plugins.
Preloading 0 native plugins for Editor in 0.00 ms.
Unloading 1333 Unused Serialized files (Serialized files now loaded: 0)
System memory in use before: 64.0 MB.
System memory in use after: 64.0 MB.

Unloading 10 unused Assets to reduce memory usage. Loaded Objects now: 1792.
Total: 2.029500 ms (FindLiveObjects: 0.212700 ms CreateObjectMapping: 0.074200 ms MarkObjects: 1.686400 ms  DeleteObjects: 0.054800 ms)

========================================================================
Received Prepare
Registering precompiled user dll's ...
Registered in 0.002874 seconds.
Begin MonoManager ReloadAssembly
Native extension for WindowsStandalone target not found
Refreshing native plugins compatible for Editor in 0.35 ms, found 0 plugins.
Preloading 0 native plugins for Editor in 0.00 ms.
Mono: successfully reloaded assembly
- Completed reload, in  0.848 seconds
Platform modules already initialized, skipping
Refreshing native plugins compatible for Editor in 0.30 ms, found 0 plugins.
Preloading 0 native plugins for Editor in 0.00 ms.
Unloading 1333 Unused Serialized files (Serialized files now loaded: 0)
System memory in use before: 64.0 MB.
System memory in use after: 64.0 MB.

Unloading 10 unused Assets to reduce memory usage. Loaded Objects now: 1796.
Total: 1.785600 ms (FindLiveObjects: 0.170700 ms CreateObjectMapping: 0.053600 ms MarkObjects: 1.495000 ms  DeleteObjects: 0.065400 ms)

========================================================================
Received Import Request.
  Time since last request: 28.794569 seconds.
  path: Assets/Scripts/PlayerNameInputField.cs
  artifactKey: Guid(8d66a0156e583a244b405971442d793b) Importer(815301076,1909f56bfc062723c751e8b465ee728b)
Start importing Assets/Scripts/PlayerNameInputField.cs using Guid(8d66a0156e583a244b405971442d793b) Importer(815301076,1909f56bfc062723c751e8b465ee728b)  -> (artifact id: '49b664a7cc1efa8e8da5f8d6a8580ce5') in 0.007896 seconds
  Import took 0.010034 seconds .

========================================================================
Received Prepare
Registering precompiled user dll's ...
Registered in 0.002973 seconds.
Begin MonoManager ReloadAssembly
Native extension for WindowsStandalone target not found
Refreshing native plugins compatible for Editor in 0.36 ms, found 0 plugins.
Preloading 0 native plugins for Editor in 0.00 ms.
Mono: successfully reloaded assembly
- Completed reload, in  0.848 seconds
Platform modules already initialized, skipping
Refreshing native plugins compatible for Editor in 0.34 ms, found 0 plugins.
Preloading 0 native plugins for Editor in 0.00 ms.
Unloading 1333 Unused Serialized files (Serialized files now loaded: 0)
System memory in use before: 64.0 MB.
System memory in use after: 64.1 MB.

Unloading 10 unused Assets to reduce memory usage. Loaded Objects now: 1800.
Total: 1.976400 ms (FindLiveObjects: 0.174300 ms CreateObjectMapping: 0.055200 ms MarkObjects: 1.689700 ms  DeleteObjects: 0.056300 ms)

========================================================================
Received Import Request.
  Time since last request: 825.796405 seconds.
  path: Assets/Scripts/Launcher.cs
  artifactKey: Guid(ab841dddc5a509a4f86cbd9f40d1df5a) Importer(815301076,1909f56bfc062723c751e8b465ee728b)
Start importing Assets/Scripts/Launcher.cs using Guid(ab841dddc5a509a4f86cbd9f40d1df5a) Importer(815301076,1909f56bfc062723c751e8b465ee728b)  -> (artifact id: '65761f5cfac914fedb643ebedb77cd87') in 0.008152 seconds
  Import took 0.011289 seconds .

========================================================================
Received Prepare
Registering precompiled user dll's ...
Registered in 0.002935 seconds.
Begin MonoManager ReloadAssembly
Native extension for WindowsStandalone target not found
Refreshing native plugins compatible for Editor in 0.39 ms, found 0 plugins.
Preloading 0 native plugins for Editor in 0.00 ms.
Mono: successfully reloaded assembly
- Completed reload, in  0.856 seconds
Platform modules already initialized, skipping
Refreshing native plugins compatible for Editor in 0.33 ms, found 0 plugins.
Preloading 0 native plugins for Editor in 0.00 ms.
Unloading 1333 Unused Serialized files (Serialized files now loaded: 0)
System memory in use before: 64.0 MB.
System memory in use after: 64.1 MB.

Unloading 10 unused Assets to reduce memory usage. Loaded Objects now: 1804.
Total: 1.912300 ms (FindLiveObjects: 0.258900 ms CreateObjectMapping: 0.053300 ms MarkObjects: 1.543900 ms  DeleteObjects: 0.055300 ms)

========================================================================
Received Import Request.
  Time since last request: 182.727861 seconds.
  path: Assets/Scripts/Launcher.cs
  artifactKey: Guid(ab841dddc5a509a4f86cbd9f40d1df5a) Importer(815301076,1909f56bfc062723c751e8b465ee728b)
Start importing Assets/Scripts/Launcher.cs using Guid(ab841dddc5a509a4f86cbd9f40d1df5a) Importer(815301076,1909f56bfc062723c751e8b465ee728b)  -> (artifact id: '1b03511e369add4eff169e7c95c60ff1') in 0.007568 seconds
  Import took 0.009722 seconds .

========================================================================
Received Prepare
Registering precompiled user dll's ...
Registered in 0.003000 seconds.
Begin MonoManager ReloadAssembly
Native extension for WindowsStandalone target not found
Refreshing native plugins compatible for Editor in 0.36 ms, found 0 plugins.
Preloading 0 native plugins for Editor in 0.00 ms.
Mono: successfully reloaded assembly
- Completed reload, in  0.868 seconds
Platform modules already initialized, skipping
Refreshing native plugins compatible for Editor in 0.31 ms, found 0 plugins.
Preloading 0 native plugins for Editor in 0.00 ms.
Unloading 1333 Unused Serialized files (Serialized files now loaded: 0)
System memory in use before: 64.0 MB.
System memory in use after: 64.1 MB.

Unloading 10 unused Assets to reduce memory usage. Loaded Objects now: 1808.
Total: 1.765800 ms (FindLiveObjects: 0.137100 ms CreateObjectMapping: 0.052700 ms MarkObjects: 1.502800 ms  DeleteObjects: 0.072300 ms)

========================================================================
Received Import Request.
  Time since last request: 240.674055 seconds.
  path: Assets/Scripts/Launcher.cs
  artifactKey: Guid(ab841dddc5a509a4f86cbd9f40d1df5a) Importer(815301076,1909f56bfc062723c751e8b465ee728b)
Start importing Assets/Scripts/Launcher.cs using Guid(ab841dddc5a509a4f86cbd9f40d1df5a) Importer(815301076,1909f56bfc062723c751e8b465ee728b)  -> (artifact id: 'efa353a92232183f1a4d2528a4ff4321') in 0.008164 seconds
  Import took 0.010268 seconds .

========================================================================
Received Prepare
Registering precompiled user dll's ...
Registered in 0.002963 seconds.
Begin MonoManager ReloadAssembly
Native extension for WindowsStandalone target not found
Refreshing native plugins compatible for Editor in 0.36 ms, found 0 plugins.
Preloading 0 native plugins for Editor in 0.00 ms.
Mono: successfully reloaded assembly
- Completed reload, in  0.874 seconds
Platform modules already initialized, skipping
Refreshing native plugins compatible for Editor in 0.33 ms, found 0 plugins.
Preloading 0 native plugins for Editor in 0.00 ms.
Unloading 1333 Unused Serialized files (Serialized files now loaded: 0)
System memory in use before: 64.0 MB.
System memory in use after: 64.1 MB.

Unloading 10 unused Assets to reduce memory usage. Loaded Objects now: 1812.
Total: 1.813700 ms (FindLiveObjects: 0.179600 ms CreateObjectMapping: 0.054200 ms MarkObjects: 1.518300 ms  DeleteObjects: 0.060600 ms)

========================================================================
Received Import Request.
  Time since last request: 540.878694 seconds.
  path: Assets/Scripts/Launcher.cs
  artifactKey: Guid(ab841dddc5a509a4f86cbd9f40d1df5a) Importer(815301076,1909f56bfc062723c751e8b465ee728b)
Start importing Assets/Scripts/Launcher.cs using Guid(ab841dddc5a509a4f86cbd9f40d1df5a) Importer(815301076,1909f56bfc062723c751e8b465ee728b)  -> (artifact id: 'cada6e8082237496dfc3374c5fd2764e') in 0.007980 seconds
  Import took 0.010173 seconds .

========================================================================
Received Prepare
Registering precompiled user dll's ...
Registered in 0.002940 seconds.
Begin MonoManager ReloadAssembly
Native extension for WindowsStandalone target not found
Refreshing native plugins compatible for Editor in 0.36 ms, found 0 plugins.
Preloading 0 native plugins for Editor in 0.00 ms.
Mono: successfully reloaded assembly
- Completed reload, in  0.848 seconds
Platform modules already initialized, skipping
Refreshing native plugins compatible for Editor in 0.34 ms, found 0 plugins.
Preloading 0 native plugins for Editor in 0.00 ms.
Unloading 1333 Unused Serialized files (Serialized files now loaded: 0)
System memory in use before: 64.0 MB.
System memory in use after: 64.1 MB.

Unloading 10 unused Assets to reduce memory usage. Loaded Objects now: 1816.
Total: 1.794000 ms (FindLiveObjects: 0.139100 ms CreateObjectMapping: 0.051800 ms MarkObjects: 1.525500 ms  DeleteObjects: 0.076500 ms)

========================================================================
Received Prepare
Registering precompiled user dll's ...
Registered in 0.003103 seconds.
Begin MonoManager ReloadAssembly
Native extension for WindowsStandalone target not found
Refreshing native plugins compatible for Editor in 0.58 ms, found 0 plugins.
Preloading 0 native plugins for Editor in 0.00 ms.
Mono: successfully reloaded assembly
- Completed reload, in  0.938 seconds
Platform modules already initialized, skipping
Refreshing native plugins compatible for Editor in 0.35 ms, found 0 plugins.
Preloading 0 native plugins for Editor in 0.00 ms.
Unloading 1333 Unused Serialized files (Serialized files now loaded: 0)
System memory in use before: 64.0 MB.
System memory in use after: 64.1 MB.

Unloading 10 unused Assets to reduce memory usage. Loaded Objects now: 1820.
Total: 2.227900 ms (FindLiveObjects: 0.365200 ms CreateObjectMapping: 0.054600 ms MarkObjects: 1.750900 ms  DeleteObjects: 0.055800 ms)

========================================================================
Received Prepare
Registering precompiled user dll's ...
Registered in 0.003053 seconds.
Begin MonoManager ReloadAssembly
Native extension for WindowsStandalone target not found
Refreshing native plugins compatible for Editor in 0.35 ms, found 0 plugins.
Preloading 0 native plugins for Editor in 0.00 ms.
Mono: successfully reloaded assembly
- Completed reload, in  0.829 seconds
Platform modules already initialized, skipping
Refreshing native plugins compatible for Editor in 0.33 ms, found 0 plugins.
Preloading 0 native plugins for Editor in 0.00 ms.
Unloading 1333 Unused Serialized files (Serialized files now loaded: 0)
System memory in use before: 64.0 MB.
System memory in use after: 64.1 MB.

Unloading 10 unused Assets to reduce memory usage. Loaded Objects now: 1824.
Total: 1.975500 ms (FindLiveObjects: 0.177800 ms CreateObjectMapping: 0.055800 ms MarkObjects: 1.682900 ms  DeleteObjects: 0.058000 ms)

